<?xml version="1.0" encoding="UTF-8"?>
<testng-results skipped="0" failed="0" ignored="0" total="1" passed="1">
  <reporter-output>
  </reporter-output>
  <suite name="Default suite" duration-ms="23673" started-at="2017-02-08T09:53:04Z" finished-at="2017-02-08T09:53:28Z">
    <groups>
    </groups>
    <test name="Default test" duration-ms="23673" started-at="2017-02-08T09:53:04Z" finished-at="2017-02-08T09:53:28Z">
      <class name="Selenium_Ex.TNG_pms_login">
        <test-method status="PASS" signature="beforeMethod()[pri:0, instance:Selenium_Ex.TNG_pms_login@26653222]" name="beforeMethod" is-config="true" duration-ms="6812" started-at="2017-02-08T09:53:04Z" finished-at="2017-02-08T09:53:11Z">
          <reporter-output>
          </reporter-output>
        </test-method> <!-- beforeMethod -->
        <test-method status="PASS" signature="f()[pri:0, instance:Selenium_Ex.TNG_pms_login@26653222]" name="f" duration-ms="16806" started-at="2017-02-08T09:53:11Z" finished-at="2017-02-08T09:53:28Z">
          <reporter-output>
          </reporter-output>
        </test-method> <!-- f -->
        <test-method status="PASS" signature="afterMethod()[pri:0, instance:Selenium_Ex.TNG_pms_login@26653222]" name="afterMethod" is-config="true" duration-ms="0" started-at="2017-02-08T09:53:28Z" finished-at="2017-02-08T09:53:28Z">
          <reporter-output>
          </reporter-output>
        </test-method> <!-- afterMethod -->
      </class> <!-- Selenium_Ex.TNG_pms_login -->
    </test> <!-- Default test -->
  </suite> <!-- Default suite -->
</testng-results>
